<?xml version="1.0" encoding="UTF-8"?>
<testng-results ignored="0" total="1" passed="1" failed="0" skipped="0">
  <reporter-output>
  </reporter-output>
  <suite started-at="2023-09-12T17:34:10 IST" name="Default suite" finished-at="2023-09-12T17:34:11 IST" duration-ms="191">
    <groups>
    </groups>
    <test started-at="2023-09-12T17:34:10 IST" name="Default test" finished-at="2023-09-12T17:34:11 IST" duration-ms="191">
      <class name="doopeProject.dummy_class1">
        <test-method signature="m1()[pri:0, instance:doopeProject.dummy_class1@443118b0]" started-at="2023-09-12T17:34:11 IST" name="m1" finished-at="2023-09-12T17:34:11 IST" duration-ms="45" status="PASS">
          <reporter-output>
          </reporter-output>
        </test-method> <!-- m1 -->
      </class> <!-- doopeProject.dummy_class1 -->
    </test> <!-- Default test -->
  </suite> <!-- Default suite -->
</testng-results>
