<?xml version="1.0" encoding="UTF-8"?>
<testng-results ignored="0" total="2" passed="2" failed="0" skipped="0">
  <reporter-output>
  </reporter-output>
  <suite started-at="2023-09-08T12:40:32 IST" name="Default suite" finished-at="2023-09-08T12:40:32 IST" duration-ms="162">
    <groups>
    </groups>
    <test started-at="2023-09-08T12:40:32 IST" name="Default test" finished-at="2023-09-08T12:40:32 IST" duration-ms="162">
      <class name="doopeProject.dummy_class2">
        <test-method signature="method1()[pri:0, instance:doopeProject.dummy_class2@639c2c1d]" started-at="2023-09-08T12:40:32 IST" name="method1" finished-at="2023-09-08T12:40:32 IST" duration-ms="23" status="PASS">
          <reporter-output>
          </reporter-output>
        </test-method> <!-- method1 -->
        <test-method signature="method2()[pri:0, instance:doopeProject.dummy_class2@639c2c1d]" started-at="2023-09-08T12:40:32 IST" name="method2" finished-at="2023-09-08T12:40:32 IST" duration-ms="3" status="PASS">
          <reporter-output>
          </reporter-output>
        </test-method> <!-- method2 -->
      </class> <!-- doopeProject.dummy_class2 -->
    </test> <!-- Default test -->
  </suite> <!-- Default suite -->
</testng-results>
